[debug] [2021-08-21T18:26:03.712Z] ----------------------------------------------------------------------
[debug] [2021-08-21T18:26:03.720Z] Command:       C:\Program Files\nodejs\node.exe C:\Users\Hp\AppData\Roaming\npm\node_modules\firebase-tools\lib\bin\firebase.js init hosting
[debug] [2021-08-21T18:26:03.724Z] CLI Version:   9.16.0
[debug] [2021-08-21T18:26:03.725Z] Platform:      win32
[debug] [2021-08-21T18:26:03.725Z] Node Version:  v14.15.1
[debug] [2021-08-21T18:26:03.748Z] Time:          Sun Aug 22 2021 00:26:03 GMT+0600 (Bangladesh Standard Time)
[debug] [2021-08-21T18:26:03.750Z] ----------------------------------------------------------------------
[debug] 
[debug] [2021-08-21T18:26:04.063Z] > command requires scopes: ["email","openid","https://www.googleapis.com/auth/cloudplatformprojects.readonly","https://www.googleapis.com/auth/firebase","https://www.googleapis.com/auth/cloud-platform"]
[debug] [2021-08-21T18:26:04.064Z] > authorizing via signed-in user (mdshahedbd71@gmail.com)
[info] 
     ######## #### ########  ######## ########     ###     ######  ########
     ##        ##  ##     ## ##       ##     ##  ##   ##  ##       ##
     ######    ##  ########  ######   ########  #########  ######  ######
     ##        ##  ##    ##  ##       ##     ## ##     ##       ## ##
     ##       #### ##     ## ######## ########  ##     ##  ######  ########

You're about to initialize a Firebase project in this directory:

  C:\WebDavlopmentJM\projects\end-game\art-gallery-client

Before we get started, keep in mind:

  * You are currently outside your home directory
  * You are initializing within an existing Firebase project directory

